#
# There is insufficient memory for the Java Runtime Environment to continue.
# Native memory allocation (malloc) failed to allocate 1048576 bytes. Error detail: AllocateHeap
# Possible reasons:
#   The system is out of physical RAM or swap space
#   This process is running with CompressedOops enabled, and the Java Heap may be blocking the growth of the native heap
# Possible solutions:
#   Reduce memory load on the system
#   Increase physical memory or swap space
#   Check if swap backing store is full
#   Decrease Java heap size (-Xmx/-Xms)
#   Decrease number of Java threads
#   Decrease Java thread stack sizes (-Xss)
#   Set larger code cache with -XX:ReservedCodeCacheSize=
#   JVM is running with Unscaled Compressed Oops mode in which the Java heap is
#     placed in the first 4GB address space. The Java Heap base address is the
#     maximum limit for the native heap growth. Please use -XX:HeapBaseMinAddress
#     to set the Java Heap base and to place the Java Heap above 4GB virtual address.
# This output file may be truncated or incomplete.
#
#  Out of Memory Error (allocation.cpp:44), pid=18916, tid=22908
#
# JRE version:  (21.0.9+10) (build )
# Java VM: OpenJDK 64-Bit Server VM (21.0.9+10-LTS, mixed mode, tiered, compressed oops, compressed class ptrs, parallel gc, windows-amd64)
# No core dump will be written. Minidumps are not enabled by default on client versions of Windows
#

---------------  S U M M A R Y ------------

Command Line: --add-modules=ALL-SYSTEM --add-opens=java.base/java.util=ALL-UNNAMED --add-opens=java.base/java.lang=ALL-UNNAMED --add-opens=java.base/sun.nio.fs=ALL-UNNAMED -Declipse.application=org.eclipse.jdt.ls.core.id1 -Dosgi.bundles.defaultStartLevel=4 -Declipse.product=org.eclipse.jdt.ls.core.product -Djava.import.generatesMetadataFilesAtProjectRoot=false -DDetectVMInstallationsJob.disabled=true -Dfile.encoding=utf8 -XX:+UseParallelGC -XX:GCTimeRatio=4 -XX:AdaptiveSizePolicyWeight=90 -Dsun.zip.disableMemoryMapping=true -Xmx2G -Xms100m -Xlog:disable -javaagent:c:\Users\arivo\.vscode\extensions\redhat.java-1.52.0-win32-x64\lombok\lombok-1.18.39-4050.jar c:\Users\arivo\.vscode\extensions\redhat.java-1.52.0-win32-x64\server\plugins\org.eclipse.equinox.launcher_1.7.100.v20251111-0406.jar -configuration c:\Users\arivo\AppData\Roaming\Code\User\globalStorage\redhat.java\1.52.0\config_ss_win -data c:\Users\arivo\AppData\Roaming\Code\User\workspaceStorage\e22f713899bc29c95d881ed9014db8ca\redhat.java\ss_ws --pipe=\\.\pipe\lsp-5c9c3f4ab15c5f2acf525bceee1ca406-sock

Host: AMD Ryzen 5 7520U with Radeon Graphics         , 8 cores, 5G,  Windows 11 , 64 bit Build 26100 (10.0.26100.7705)
Time: Sat Feb 14 12:03:15 2026 India Standard Time elapsed time: 4.106866 seconds (0d 0h 0m 4s)

---------------  T H R E A D  ---------------

Current thread (0x000001c6e9fbb560):  JavaThread "Unknown thread" [_thread_in_vm, id=22908, stack(0x000000af8ad00000,0x000000af8ae00000) (1024K)]

Stack: [0x000000af8ad00000,0x000000af8ae00000]
Native frames: (J=compiled Java code, j=interpreted, Vv=VM code, C=native code)
V  [jvm.dll+0x6d6e29]
V  [jvm.dll+0x8b4b76]
V  [jvm.dll+0x8b712e]
V  [jvm.dll+0x8b7813]
V  [jvm.dll+0x283d86]
V  [jvm.dll+0xc1277]
V  [jvm.dll+0x70adf2]
V  [jvm.dll+0x70bb2c]
V  [jvm.dll+0x6e59c3]
V  [jvm.dll+0x87e58c]
V  [jvm.dll+0x3c42fc]
V  [jvm.dll+0x86727b]
V  [jvm.dll+0x457391]
V  [jvm.dll+0x458f81]
C  [jli.dll+0x52d0]
C  [ucrtbase.dll+0x37b0]
C  [KERNEL32.DLL+0x2e8d7]
C  [ntdll.dll+0x8c40c]


---------------  P R O C E S S  ---------------

Threads class SMR info:
_java_thread_list=0x000001c6ea023670, length=1, elements={
0x000001c6e9fbb560
}

Java Threads: ( => current thread )
=>0x000001c6e9fbb560 JavaThread "Unknown thread"             [_thread_in_vm, id=22908, stack(0x000000af8ad00000,0x000000af8ae00000) (1024K)]
Total: 1

Other Threads:
  0x000001c6840dcb20 WatcherThread "VM Periodic Task Thread"        [id=15448, stack(0x000000af8af00000,0x000000af8b000000) (1024K)]
  0x000001c6e9fd8280 WorkerThread "GC Thread#0"                     [id=4848, stack(0x000000af8ae00000,0x000000af8af00000) (1024K)]
Total: 2

Threads with active compile tasks:
Total: 0

VM state: not at safepoint (normal execution)

VM Mutex/Monitor currently owned by a thread: None

Heap address: 0x0000000080000000, size: 2048 MB, Compressed Oops mode: 32-bit

CDS archive(s) not mapped
Compressed class space mapped at: 0x0000000100000000-0x0000000140000000, reserved size: 1073741824
Narrow klass base: 0x0000000000000000, Narrow klass shift: 3, Narrow klass range: 0x140000000

GC Precious Log:
 CardTable entry size: 512
 CPUs: 8 total, 8 available
 Memory: 5965M
 Large Page Support: Disabled
 NUMA Support: Disabled
 Compressed Oops: Enabled (32-bit)
 Alignments: Space 512K, Generation 512K, Heap 2M
 Heap Min Capacity: 100M
 Heap Initial Capacity: 100M
 Heap Max Capacity: 2G
 Pre-touch: Disabled
 Parallel Workers: 8

Heap:
 PSYoungGen      total 29696K, used 512K [0x00000000d5580000, 0x00000000d7680000, 0x0000000100000000)
  eden space 25600K, 2% used [0x00000000d5580000,0x00000000d5600070,0x00000000d6e80000)
  from space 4096K, 0% used [0x00000000d7280000,0x00000000d7280000,0x00000000d7680000)
  to   space 4096K, 0% used [0x00000000d6e80000,0x00000000d6e80000,0x00000000d7280000)
 ParOldGen       total 68608K, used 0K [0x0000000080000000, 0x0000000084300000, 0x00000000d5580000)
  object space 68608K, 0% used [0x0000000080000000,0x0000000080000000,0x0000000084300000)
 Metaspace       used 1394K, committed 1472K, reserved 1114112K
  class space    used 111K, committed 128K, reserved 1048576K

Card table byte_map: [0x000001c6e9960000,0x000001c6e9d70000] _byte_map_base: 0x000001c6e9560000

Marking Bits: (ParMarkBitMap*) 0x00007ffbb25c2460
 Begin Bits: [0x000001c680000000, 0x000001c682000000)
 End Bits:   [0x000001c682000000, 0x000001c684000000)

Polling page: 0x000001c6e7f90000

Metaspace:

Usage:
  Non-class:      1.25 MB used.
      Class:    111.93 KB used.
       Both:      1.36 MB used.

Virtual space:
  Non-class space:       64.00 MB reserved,       1.31 MB (  2%) committed,  1 nodes.
      Class space:        1.00 GB reserved,     128.00 KB ( <1%) committed,  1 nodes.
             Both:        1.06 GB reserved,       1.44 MB ( <1%) committed. 

Chunk freelists:
   Non-Class:  12.00 MB
       Class:  15.75 MB
        Both:  27.75 MB

MaxMetaspaceSize: unlimited
CompressedClassSpaceSize: 1.00 GB
Initial GC threshold: 21.00 MB
Current GC threshold: 17179869184.00 GB
CDS: off
 - commit_granule_bytes: 65536.
 - commit_granule_words: 8192.
 - virtual_space_node_default_size: 8388608.
 - enlarge_chunks_in_place: 1.
 - use_allocation_guard: 0.


Internal statistics:

num_allocs_failed_limit: 0.
num_arena_births: 2.
num_arena_deaths: 0.
num_vsnodes_births: 2.
num_vsnodes_deaths: 0.
num_space_committed: 23.
num_space_uncommitted: 0.
num_chunks_returned_to_freelist: 0.
num_chunks_taken_from_freelist: 3.
num_chunk_merges: 0.
num_chunk_splits: 2.
num_chunks_enlarged: 0.
num_inconsistent_stats: 0.

CodeHeap 'non-profiled nmethods': size=120000Kb used=0Kb max_used=0Kb free=120000Kb
 bounds [0x000001c6f4c90000, 0x000001c6f4f00000, 0x000001c6fc1c0000]
CodeHeap 'profiled nmethods': size=120000Kb used=0Kb max_used=0Kb free=120000Kb
 bounds [0x000001c6ed1c0000, 0x000001c6ed430000, 0x000001c6f46f0000]
CodeHeap 'non-nmethods': size=5760Kb used=194Kb max_used=342Kb free=5565Kb
 bounds [0x000001c6f46f0000, 0x000001c6f4960000, 0x000001c6f4c90000]
CodeCache: size=245760Kb, used=194Kb, max_used=342Kb, free=245565Kb
 total_blobs=70, nmethods=0, adapters=48, full_count=0
Compilation: enabled, stopped_count=0, restarted_count=0

Compilation events (0 events):
No events

GC Heap History (0 events):
No events

Dll operation events (2 events):
Event: 0.017 Loaded shared library c:\Users\arivo\.vscode\extensions\redhat.java-1.52.0-win32-x64\jre\21.0.9-win32-x86_64\bin\java.dll
Event: 3.059 Loaded shared library c:\Users\arivo\.vscode\extensions\redhat.java-1.52.0-win32-x64\jre\21.0.9-win32-x86_64\bin\zip.dll

Deoptimization events (0 events):
No events

Classes loaded (20 events):
Event: 3.103 Loading class java/util/Iterator
Event: 3.103 Loading class java/util/Iterator done
Event: 3.103 Loading class java/lang/reflect/RecordComponent
Event: 3.103 Loading class java/lang/reflect/RecordComponent done
Event: 3.103 Loading class jdk/internal/vm/vector/VectorSupport
Event: 3.104 Loading class jdk/internal/vm/vector/VectorSupport done
Event: 3.104 Loading class jdk/internal/vm/vector/VectorSupport$VectorPayload
Event: 3.104 Loading class jdk/internal/vm/vector/VectorSupport$VectorPayload done
Event: 3.104 Loading class jdk/internal/vm/vector/VectorSupport$Vector
Event: 3.104 Loading class jdk/internal/vm/vector/VectorSupport$Vector done
Event: 3.104 Loading class jdk/internal/vm/vector/VectorSupport$VectorMask
Event: 3.104 Loading class jdk/internal/vm/vector/VectorSupport$VectorMask done
Event: 3.104 Loading class jdk/internal/vm/vector/VectorSupport$VectorShuffle
Event: 3.104 Loading class jdk/internal/vm/vector/VectorSupport$VectorShuffle done
Event: 3.104 Loading class jdk/internal/vm/FillerObject
Event: 3.104 Loading class jdk/internal/vm/FillerObject done
Event: 3.106 Loading class java/lang/NullPointerException
Event: 3.106 Loading class java/lang/NullPointerException done
Event: 3.106 Loading class java/lang/ArithmeticException
Event: 3.106 Loading class java/lang/ArithmeticException done

Classes unloaded (0 events):
No events

Classes redefined (0 events):
No events

Internal exceptions (0 events):
No events

ZGC Phase Switch (0 events):
No events

VM Operations (0 events):
No events

Memory protections (0 events):
No events

Nmethod flushes (0 events):
No events

Events (1 events):
Event: 3.053 Thread 0x000001c6e9fbb560 Thread added: 0x000001c6e9fbb560


Dynamic libraries:
0x00007ff7cc0f0000 - 0x00007ff7cc0fe000 	c:\Users\arivo\.vscode\extensions\redhat.java-1.52.0-win32-x64\jre\21.0.9-win32-x86_64\bin\java.exe
0x00007ffc51100000 - 0x00007ffc51368000 	C:\WINDOWS\SYSTEM32\ntdll.dll
0x00007ffc4fd90000 - 0x00007ffc4fe59000 	C:\WINDOWS\System32\KERNEL32.DLL
0x00007ffc4e180000 - 0x00007ffc4e571000 	C:\WINDOWS\System32\KERNELBASE.dll
0x00007ffc4dd60000 - 0x00007ffc4deab000 	C:\WINDOWS\System32\ucrtbase.dll
0x00007ffc43db0000 - 0x00007ffc43dc8000 	c:\Users\arivo\.vscode\extensions\redhat.java-1.52.0-win32-x64\jre\21.0.9-win32-x86_64\bin\jli.dll
0x00007ffc43d70000 - 0x00007ffc43d8e000 	c:\Users\arivo\.vscode\extensions\redhat.java-1.52.0-win32-x64\jre\21.0.9-win32-x86_64\bin\VCRUNTIME140.dll
0x00007ffc507a0000 - 0x00007ffc50966000 	C:\WINDOWS\System32\USER32.dll
0x00007ffc2ced0000 - 0x00007ffc2d163000 	C:\WINDOWS\WinSxS\amd64_microsoft.windows.common-controls_6595b64144ccf1df_6.0.26100.7824_none_3e0870b2e3345462\COMCTL32.dll
0x00007ffc4deb0000 - 0x00007ffc4ded7000 	C:\WINDOWS\System32\win32u.dll
0x00007ffc50f70000 - 0x00007ffc51019000 	C:\WINDOWS\System32\msvcrt.dll
0x00007ffc4fc60000 - 0x00007ffc4fc8b000 	C:\WINDOWS\System32\GDI32.dll
0x00007ffc4e050000 - 0x00007ffc4e17b000 	C:\WINDOWS\System32\gdi32full.dll
0x00007ffc4dcb0000 - 0x00007ffc4dd53000 	C:\WINDOWS\System32\msvcp_win.dll
0x00007ffc4fb20000 - 0x00007ffc4fb51000 	C:\WINDOWS\System32\IMM32.DLL
0x00007ffc4b2b0000 - 0x00007ffc4b2bc000 	c:\Users\arivo\.vscode\extensions\redhat.java-1.52.0-win32-x64\jre\21.0.9-win32-x86_64\bin\vcruntime140_1.dll
0x00007ffbf6dd0000 - 0x00007ffbf6e5d000 	c:\Users\arivo\.vscode\extensions\redhat.java-1.52.0-win32-x64\jre\21.0.9-win32-x86_64\bin\msvcp140.dll
0x00007ffbb1900000 - 0x00007ffbb26a0000 	c:\Users\arivo\.vscode\extensions\redhat.java-1.52.0-win32-x64\jre\21.0.9-win32-x86_64\bin\server\jvm.dll
0x00007ffc4fe60000 - 0x00007ffc4ff14000 	C:\WINDOWS\System32\ADVAPI32.dll
0x00007ffc4eea0000 - 0x00007ffc4ef46000 	C:\WINDOWS\System32\sechost.dll
0x00007ffc50d00000 - 0x00007ffc50e18000 	C:\WINDOWS\System32\RPCRT4.dll
0x00007ffc4f000000 - 0x00007ffc4f074000 	C:\WINDOWS\System32\WS2_32.dll
0x00007ffc396c0000 - 0x00007ffc396f5000 	C:\WINDOWS\SYSTEM32\WINMM.dll
0x00007ffc4d840000 - 0x00007ffc4d89e000 	C:\WINDOWS\SYSTEM32\POWRPROF.dll
0x00007ffc38970000 - 0x00007ffc3897b000 	C:\WINDOWS\SYSTEM32\VERSION.dll
0x00007ffc4d820000 - 0x00007ffc4d834000 	C:\WINDOWS\SYSTEM32\UMPDC.dll
0x00007ffc4c740000 - 0x00007ffc4c75b000 	C:\WINDOWS\SYSTEM32\kernel.appcore.dll
0x00007ffc46e60000 - 0x00007ffc46e6a000 	c:\Users\arivo\.vscode\extensions\redhat.java-1.52.0-win32-x64\jre\21.0.9-win32-x86_64\bin\jimage.dll
0x00007ffc38720000 - 0x00007ffc38962000 	C:\WINDOWS\SYSTEM32\DBGHELP.DLL
0x00007ffc50970000 - 0x00007ffc50cf6000 	C:\WINDOWS\System32\combase.dll
0x00007ffc4f080000 - 0x00007ffc4f157000 	C:\WINDOWS\System32\OLEAUT32.dll
0x00007ffc299b0000 - 0x00007ffc299eb000 	C:\WINDOWS\SYSTEM32\dbgcore.DLL
0x00007ffc4edf0000 - 0x00007ffc4ee95000 	C:\WINDOWS\System32\bcryptPrimitives.dll
0x00007ffc46790000 - 0x00007ffc4679f000 	c:\Users\arivo\.vscode\extensions\redhat.java-1.52.0-win32-x64\jre\21.0.9-win32-x86_64\bin\instrument.dll
0x00007ffc2a430000 - 0x00007ffc2a450000 	c:\Users\arivo\.vscode\extensions\redhat.java-1.52.0-win32-x64\jre\21.0.9-win32-x86_64\bin\java.dll
0x00007ffc29f00000 - 0x00007ffc29f18000 	c:\Users\arivo\.vscode\extensions\redhat.java-1.52.0-win32-x64\jre\21.0.9-win32-x86_64\bin\zip.dll

JVMTI agents:
c:\Users\arivo\.vscode\extensions\redhat.java-1.52.0-win32-x64\lombok\lombok-1.18.39-4050.jar path:none, loaded, not initialized, instrumentlib options:none

dbghelp: loaded successfully - version: 4.0.5 - missing functions: none
symbol engine: initialized successfully - sym options: 0x614 - pdb path: .;c:\Users\arivo\.vscode\extensions\redhat.java-1.52.0-win32-x64\jre\21.0.9-win32-x86_64\bin;C:\WINDOWS\SYSTEM32;C:\WINDOWS\WinSxS\amd64_microsoft.windows.common-controls_6595b64144ccf1df_6.0.26100.7824_none_3e0870b2e3345462;c:\Users\arivo\.vscode\extensions\redhat.java-1.52.0-win32-x64\jre\21.0.9-win32-x86_64\bin\server

VM Arguments:
jvm_args: --add-modules=ALL-SYSTEM --add-opens=java.base/java.util=ALL-UNNAMED --add-opens=java.base/java.lang=ALL-UNNAMED --add-opens=java.base/sun.nio.fs=ALL-UNNAMED -Declipse.application=org.eclipse.jdt.ls.core.id1 -Dosgi.bundles.defaultStartLevel=4 -Declipse.product=org.eclipse.jdt.ls.core.product -Djava.import.generatesMetadataFilesAtProjectRoot=false -DDetectVMInstallationsJob.disabled=true -Dfile.encoding=utf8 -XX:+UseParallelGC -XX:GCTimeRatio=4 -XX:AdaptiveSizePolicyWeight=90 -Dsun.zip.disableMemoryMapping=true -Xmx2G -Xms100m -Xlog:disable -javaagent:c:\Users\arivo\.vscode\extensions\redhat.java-1.52.0-win32-x64\lombok\lombok-1.18.39-4050.jar 
java_command: c:\Users\arivo\.vscode\extensions\redhat.java-1.52.0-win32-x64\server\plugins\org.eclipse.equinox.launcher_1.7.100.v20251111-0406.jar -configuration c:\Users\arivo\AppData\Roaming\Code\User\globalStorage\redhat.java\1.52.0\config_ss_win -data c:\Users\arivo\AppData\Roaming\Code\User\workspaceStorage\e22f713899bc29c95d881ed9014db8ca\redhat.java\ss_ws --pipe=\\.\pipe\lsp-5c9c3f4ab15c5f2acf525bceee1ca406-sock
java_class_path (initial): c:\Users\arivo\.vscode\extensions\redhat.java-1.52.0-win32-x64\server\plugins\org.eclipse.equinox.launcher_1.7.100.v20251111-0406.jar
Launcher Type: SUN_STANDARD

[Global flags]
    uintx AdaptiveSizePolicyWeight                 = 90                                        {product} {command line}
     intx CICompilerCount                          = 4                                         {product} {ergonomic}
    uintx GCTimeRatio                              = 4                                         {product} {command line}
   size_t InitialHeapSize                          = 104857600                                 {product} {command line}
   size_t MaxHeapSize                              = 2147483648                                {product} {command line}
   size_t MaxNewSize                               = 715653120                                 {product} {ergonomic}
   size_t MinHeapDeltaBytes                        = 524288                                    {product} {ergonomic}
   size_t MinHeapSize                              = 104857600                                 {product} {command line}
   size_t NewSize                                  = 34603008                                  {product} {ergonomic}
    uintx NonNMethodCodeHeapSize                   = 5839372                                {pd product} {ergonomic}
    uintx NonProfiledCodeHeapSize                  = 122909434                              {pd product} {ergonomic}
   size_t OldSize                                  = 70254592                                  {product} {ergonomic}
    uintx ProfiledCodeHeapSize                     = 122909434                              {pd product} {ergonomic}
    uintx ReservedCodeCacheSize                    = 251658240                              {pd product} {ergonomic}
     bool SegmentedCodeCache                       = true                                      {product} {ergonomic}
   size_t SoftMaxHeapSize                          = 2147483648                             {manageable} {ergonomic}
     bool UseCompressedOops                        = true                           {product lp64_product} {ergonomic}
     bool UseLargePagesIndividualAllocation        = false                                  {pd product} {ergonomic}
     bool UseParallelGC                            = true                                      {product} {command line}

Logging:
Log output configuration:
 #0: stdout all=off uptime,level,tags foldmultilines=false
 #1: stderr all=off uptime,level,tags foldmultilines=false

Release file:
<release file has not been read>
Environment Variables:
JAVA_HOME=C:\Program Files\Eclipse Adoptium\jdk-17.0.18.8-hotspot
PATH=C:\Windows\System32;C:\Program Files\apache-maven-3.9.12\bin;C:\Program Files\Eclipse Adoptium\jdk-17.0.18.8-hotspot\bin;C:\Program Files\nodejs\;C:\Program Files\Git\cmd;C:\Program Files\MySQL\MySQL Shell 8.0\bin\;C:\Users\arivo\AppData\Local\Programs\Python\Python313\Scripts\;C:\Users\arivo\AppData\Local\Programs\Python\Python313\;C:\Users\arivo\AppData\Local\Microsoft\WindowsApps;C:\Users\arivo\AppData\Local\Programs\Microsoft VS Code\bin;C:\Users\arivo\AppData\Local\GitHubDesktop\bin;C:\Users\arivo\AppData\Roaming\npm
USERNAME=Lee
OS=Windows_NT
PROCESSOR_IDENTIFIER=AMD64 Family 23 Model 160 Stepping 0, AuthenticAMD
TMP=C:\Users\arivo\AppData\Local\Temp
TEMP=C:\Users\arivo\AppData\Local\Temp




Periodic native trim disabled

---------------  S Y S T E M  ---------------

OS:
 Windows 11 , 64 bit Build 26100 (10.0.26100.7705)
OS uptime: 0 days 3:02 hours
Hyper-V role detected

CPU: total 8 (initial active 8) (8 cores per cpu, 2 threads per core) family 23 model 160 stepping 0 microcode 0x8a00009, cx8, cmov, fxsr, ht, mmx, 3dnowpref, sse, sse2, sse3, ssse3, sse4a, sse4.1, sse4.2, popcnt, lzcnt, tsc, tscinvbit, avx, avx2, aes, clmul, bmi1, bmi2, adx, sha, fma, vzeroupper, clflush, clflushopt, hv, rdtscp, rdpid, f16c
Processor Information for the first 8 processors :
  Max Mhz: 2801, Current Mhz: 2801, Mhz Limit: 2801

Memory: 4k page, system-wide physical 5965M (181M free)
TotalPageFile size 24397M (AvailPageFile size 3M)
current process WorkingSet (physical memory assigned to process): 18M, peak: 18M
current process commit charge ("private bytes"): 191M, peak: 192M

vm_info: OpenJDK 64-Bit Server VM (21.0.9+10-LTS) for windows-amd64 JRE (21.0.9+10-LTS), built on 2025-10-21T00:00:00Z by "admin" with unknown MS VC++:1942

END.
